<?xml version="1.0" encoding="UTF-8"?>
<testsuite xmlns:xsi="http://www.w3.org/2001/XMLSchema-instance" xsi:noNamespaceSchemaLocation="https://maven.apache.org/surefire/maven-surefire-plugin/xsd/surefire-test-report.xsd" name="integration.features.customer.CreateCustomerIT" time="20.403" tests="1" errors="0" skipped="0" failures="0">
  <properties>
[...]
</properties>
  <testcase name="test__sample__deltaBiasPercentIsMissing__fail" classname="integration.features.customer.CreateCustomerIT" time="7.004"/>
</testsuite>